<?xml version="1.0" encoding="UTF-8"?>
<coverage generated="1670185668873" clover="3.2.0">
  <project timestamp="1670185668873" name="All files">
    <metrics statements="22" coveredstatements="22" conditionals="1" coveredconditionals="0" methods="10" coveredmethods="10" elements="33" coveredelements="32" complexity="0" loc="22" ncloc="22" packages="3" files="5" classes="5"/>
    <package name="app">
      <metrics statements="4" coveredstatements="4" conditionals="0" coveredconditionals="0" methods="1" coveredmethods="1"/>
      <file name="app.component.html" path="D:\work-station\development\jest-angular-poc\src\app\app.component.html">
        <metrics statements="1" coveredstatements="1" conditionals="0" coveredconditionals="0" methods="0" coveredmethods="0"/>
        <line num="1" count="1" type="stmt"/>
      </file>
      <file name="app.component.ts" path="D:\work-station\development\jest-angular-poc\src\app\app.component.ts">
        <metrics statements="3" coveredstatements="3" conditionals="0" coveredconditionals="0" methods="1" coveredmethods="1"/>
        <line num="1" count="1" type="stmt"/>
        <line num="8" count="1" type="stmt"/>
        <line num="9" count="3" type="stmt"/>
      </file>
    </package>
    <package name="app.matchers">
      <metrics statements="4" coveredstatements="4" conditionals="0" coveredconditionals="0" methods="3" coveredmethods="3"/>
      <file name="matchers.component.html" path="D:\work-station\development\jest-angular-poc\src\app\matchers\matchers.component.html">
        <metrics statements="1" coveredstatements="1" conditionals="0" coveredconditionals="0" methods="0" coveredmethods="0"/>
        <line num="1" count="1" type="stmt"/>
      </file>
      <file name="matchers.component.ts" path="D:\work-station\development\jest-angular-poc\src\app\matchers\matchers.component.ts">
        <metrics statements="3" coveredstatements="3" conditionals="0" coveredconditionals="0" methods="3" coveredmethods="3"/>
        <line num="1" count="1" type="stmt"/>
        <line num="8" count="1" type="stmt"/>
        <line num="16" count="4" type="stmt"/>
      </file>
    </package>
    <package name="app.services">
      <metrics statements="14" coveredstatements="14" conditionals="1" coveredconditionals="0" methods="6" coveredmethods="6"/>
      <file name="fake.service.ts" path="D:\work-station\development\jest-angular-poc\src\app\services\fake.service.ts">
        <metrics statements="14" coveredstatements="14" conditionals="1" coveredconditionals="0" methods="6" coveredmethods="6"/>
        <line num="1" count="1" type="stmt"/>
        <line num="2" count="1" type="stmt"/>
        <line num="3" count="1" type="stmt"/>
        <line num="8" count="1" type="stmt"/>
        <line num="10" count="4" type="stmt"/>
        <line num="13" count="1" type="stmt"/>
        <line num="14" count="1" type="stmt"/>
        <line num="18" count="2" type="stmt"/>
        <line num="19" count="2" type="stmt"/>
        <line num="20" count="1" type="stmt"/>
        <line num="26" count="2" type="stmt"/>
        <line num="29" count="1" type="stmt"/>
        <line num="30" count="1" type="stmt"/>
        <line num="33" count="1" type="stmt"/>
      </file>
    </package>
  </project>
</coverage>
