{"D:\\work-station\\development\\jest-angular-poc\\src\\app\\app.component.html": {"path":"D:\\work-station\\development\\jest-angular-poc\\src\\app\\app.component.html","statementMap":{"0":{"start":{"line":1,"column":0},"end":{"line":1,"column":24219}}},"fnMap":{},"branchMap":{},"s":{"0":1},"f":{},"b":{},"_coverageSchema":"1a1c01bbd47fc00a2c39e90264f33305004495a9","hash":"079ba716c3c47fb200f0aff6a8ec116916846137"}
,"D:\\work-station\\development\\jest-angular-poc\\src\\app\\app.component.ts": {"path":"D:\\work-station\\development\\jest-angular-poc\\src\\app\\app.component.ts","statementMap":{"0":{"start":{"line":1,"column":0},"end":{"line":1,"column":42}},"1":{"start":{"line":9,"column":2},"end":{"line":9,"column":25}},"2":{"start":{"line":8,"column":13},"end":{"line":8,"column":null}},"3":{"start":{"line":8,"column":13},"end":{"line":8,"column":25}}},"fnMap":{"0":{"name":"(anonymous_0)","decl":{"start":{"line":8,"column":7},"end":{"line":8,"column":13}},"loc":{"start":{"line":8,"column":7},"end":{"line":10,"column":1}}}},"branchMap":{},"s":{"0":1,"1":3,"2":1,"3":1},"f":{"0":3},"b":{}}
,"D:\\work-station\\development\\jest-angular-poc\\src\\app\\matchers\\matchers.component.html": {"path":"D:\\work-station\\development\\jest-angular-poc\\src\\app\\matchers\\matchers.component.html","statementMap":{"0":{"start":{"line":1,"column":0},"end":{"line":1,"column":41}}},"fnMap":{},"branchMap":{},"s":{"0":1},"f":{},"b":{},"_coverageSchema":"1a1c01bbd47fc00a2c39e90264f33305004495a9","hash":"488bfb8bff94aab68a4da1d2b226e13c4a580dc9"}
,"D:\\work-station\\development\\jest-angular-poc\\src\\app\\matchers\\matchers.component.ts": {"path":"D:\\work-station\\development\\jest-angular-poc\\src\\app\\matchers\\matchers.component.ts","statementMap":{"0":{"start":{"line":1,"column":0},"end":{"line":1,"column":42}},"1":{"start":{"line":16,"column":4},"end":{"line":16,"column":49}},"2":{"start":{"line":8,"column":13},"end":{"line":8,"column":null}},"3":{"start":{"line":8,"column":13},"end":{"line":8,"column":30}}},"fnMap":{"0":{"name":"(anonymous_0)","decl":{"start":{"line":10,"column":2},"end":{"line":10,"column":null}},"loc":{"start":{"line":10,"column":2},"end":{"line":11,"column":3}}},"1":{"name":"(anonymous_1)","decl":{"start":{"line":12,"column":2},"end":{"line":12,"column":10}},"loc":{"start":{"line":12,"column":10},"end":{"line":13,"column":3}}},"2":{"name":"(anonymous_2)","decl":{"start":{"line":15,"column":2},"end":{"line":15,"column":22}},"loc":{"start":{"line":15,"column":22},"end":{"line":17,"column":3}}}},"branchMap":{},"s":{"0":1,"1":4,"2":1,"3":1},"f":{"0":10,"1":10,"2":4},"b":{}}
,"D:\\work-station\\development\\jest-angular-poc\\src\\app\\services\\fake.service.ts": {"path":"D:\\work-station\\development\\jest-angular-poc\\src\\app\\services\\fake.service.ts","statementMap":{"0":{"start":{"line":1,"column":0},"end":{"line":1,"column":69}},"1":{"start":{"line":2,"column":0},"end":{"line":2,"column":43}},"2":{"start":{"line":3,"column":0},"end":{"line":3,"column":51}},"3":{"start":{"line":10,"column":23},"end":{"line":10,"column":39}},"4":{"start":{"line":13,"column":16},"end":{"line":13,"column":62}},"5":{"start":{"line":14,"column":4},"end":{"line":14,"column":30}},"6":{"start":{"line":18,"column":16},"end":{"line":18,"column":62}},"7":{"start":{"line":19,"column":4},"end":{"line":22,"column":6}},"8":{"start":{"line":20,"column":23},"end":{"line":20,"column":56}},"9":{"start":{"line":26,"column":4},"end":{"line":34,"column":6}},"10":{"start":{"line":29,"column":4},"end":{"line":29,"column":25}},"11":{"start":{"line":30,"column":20},"end":{"line":30,"column":85}},"12":{"start":{"line":33,"column":4},"end":{"line":33,"column":55}},"13":{"start":{"line":8,"column":13},"end":{"line":8,"column":null}},"14":{"start":{"line":8,"column":13},"end":{"line":8,"column":24}}},"fnMap":{"0":{"name":"(anonymous_0)","decl":{"start":{"line":10,"column":2},"end":{"line":10,"column":23}},"loc":{"start":{"line":10,"column":39},"end":{"line":10,"column":44}}},"1":{"name":"(anonymous_1)","decl":{"start":{"line":12,"column":2},"end":{"line":12,"column":11}},"loc":{"start":{"line":12,"column":11},"end":{"line":15,"column":3}}},"2":{"name":"(anonymous_2)","decl":{"start":{"line":17,"column":2},"end":{"line":17,"column":11}},"loc":{"start":{"line":17,"column":11},"end":{"line":23,"column":3}}},"3":{"name":"(anonymous_3)","decl":{"start":{"line":20,"column":8},"end":{"line":20,"column":9}},"loc":{"start":{"line":20,"column":23},"end":{"line":20,"column":56}}},"4":{"name":"(anonymous_4)","decl":{"start":{"line":25,"column":10},"end":{"line":25,"column":21}},"loc":{"start":{"line":25,"column":48},"end":{"line":37,"column":3}}},"5":{"name":"(anonymous_5)","decl":{"start":{"line":26,"column":11},"end":{"line":26,"column":12}},"loc":{"start":{"line":26,"column":55},"end":{"line":34,"column":5}}}},"branchMap":{"0":{"loc":{"start":{"line":25,"column":25},"end":{"line":25,"column":48}},"type":"default-arg","locations":[{"start":{"line":25,"column":37},"end":{"line":25,"column":48}}]}},"s":{"0":1,"1":1,"2":1,"3":4,"4":1,"5":1,"6":2,"7":2,"8":1,"9":2,"10":1,"11":1,"12":1,"13":1,"14":1},"f":{"0":4,"1":1,"2":2,"3":1,"4":2,"5":1},"b":{"0":[0]}}
}
