TN:
SF:src\app\app.component.html
FNF:0
FNH:0
DA:1,1
LF:1
LH:1
BRF:0
BRH:0
end_of_record
TN:
SF:src\app\app.component.ts
FN:8,(anonymous_0)
FNF:1
FNH:1
FNDA:3,(anonymous_0)
DA:1,1
DA:8,1
DA:9,3
LF:3
LH:3
BRF:0
BRH:0
end_of_record
TN:
SF:src\app\matchers\matchers.component.html
FNF:0
FNH:0
DA:1,1
LF:1
LH:1
BRF:0
BRH:0
end_of_record
TN:
SF:src\app\matchers\matchers.component.ts
FN:10,(anonymous_0)
FN:12,(anonymous_1)
FN:15,(anonymous_2)
FNF:3
FNH:3
FNDA:10,(anonymous_0)
FNDA:10,(anonymous_1)
FNDA:4,(anonymous_2)
DA:1,1
DA:8,1
DA:16,4
LF:3
LH:3
BRF:0
BRH:0
end_of_record
TN:
SF:src\app\services\fake.service.ts
FN:10,(anonymous_0)
FN:12,(anonymous_1)
FN:17,(anonymous_2)
FN:20,(anonymous_3)
FN:25,(anonymous_4)
FN:26,(anonymous_5)
FNF:6
FNH:6
FNDA:4,(anonymous_0)
FNDA:1,(anonymous_1)
FNDA:2,(anonymous_2)
FNDA:1,(anonymous_3)
FNDA:2,(anonymous_4)
FNDA:1,(anonymous_5)
DA:1,1
DA:2,1
DA:3,1
DA:8,1
DA:10,4
DA:13,1
DA:14,1
DA:18,2
DA:19,2
DA:20,1
DA:26,2
DA:29,1
DA:30,1
DA:33,1
LF:14
LH:14
BRDA:25,0,0,0
BRF:1
BRH:0
end_of_record
